<?xml version="1.0" encoding="UTF-8"?>
<coverage generated="1726182953586" clover="3.2.0">
  <project timestamp="1726182953586" name="All files">
    <metrics statements="114" coveredstatements="112" conditionals="29" coveredconditionals="28" methods="2" coveredmethods="2" elements="145" coveredelements="142" complexity="0" loc="114" ncloc="114" packages="1" files="1" classes="1"/>
    <file name="recintos-zoo.js" path="C:\Users\leand\Recinto ZOO STARTDB\src\recintos-zoo.js">
      <metrics statements="114" coveredstatements="112" conditionals="29" coveredconditionals="28" methods="2" coveredmethods="2"/>
      <line num="1" count="1" type="stmt"/>
      <line num="2" count="1" type="stmt"/>
      <line num="3" count="1" type="cond" truecount="1" falsecount="0"/>
      <line num="4" count="6" type="stmt"/>
      <line num="5" count="6" type="stmt"/>
      <line num="6" count="6" type="stmt"/>
      <line num="7" count="6" type="stmt"/>
      <line num="8" count="6" type="stmt"/>
      <line num="9" count="6" type="stmt"/>
      <line num="10" count="6" type="stmt"/>
      <line num="11" count="6" type="stmt"/>
      <line num="12" count="6" type="stmt"/>
      <line num="13" count="6" type="stmt"/>
      <line num="14" count="6" type="stmt"/>
      <line num="15" count="6" type="stmt"/>
      <line num="16" count="6" type="stmt"/>
      <line num="17" count="6" type="stmt"/>
      <line num="18" count="6" type="stmt"/>
      <line num="19" count="6" type="stmt"/>
      <line num="20" count="6" type="stmt"/>
      <line num="21" count="6" type="stmt"/>
      <line num="22" count="6" type="stmt"/>
      <line num="23" count="1" type="stmt"/>
      <line num="24" count="1" type="cond" truecount="1" falsecount="0"/>
      <line num="25" count="6" type="stmt"/>
      <line num="26" count="6" type="cond" truecount="1" falsecount="0"/>
      <line num="27" count="1" type="stmt"/>
      <line num="28" count="1" type="cond" truecount="1" falsecount="0"/>
      <line num="29" count="5" type="stmt"/>
      <line num="30" count="5" type="stmt"/>
      <line num="31" count="6" type="cond" truecount="2" falsecount="0"/>
      <line num="32" count="1" type="stmt"/>
      <line num="33" count="1" type="cond" truecount="1" falsecount="0"/>
      <line num="34" count="4" type="stmt"/>
      <line num="35" count="4" type="stmt"/>
      <line num="36" count="4" type="stmt"/>
      <line num="37" count="4" type="stmt"/>
      <line num="38" count="4" type="stmt"/>
      <line num="39" count="4" type="stmt"/>
      <line num="40" count="4" type="stmt"/>
      <line num="41" count="4" type="cond" truecount="1" falsecount="0"/>
      <line num="42" count="20" type="stmt"/>
      <line num="43" count="20" type="stmt"/>
      <line num="44" count="20" type="cond" truecount="1" falsecount="0"/>
      <line num="45" count="15" type="stmt"/>
      <line num="46" count="15" type="cond" truecount="1" falsecount="0"/>
      <line num="47" count="3" type="cond" truecount="1" falsecount="0"/>
      <line num="48" count="15" type="cond" truecount="1" falsecount="0"/>
      <line num="49" count="12" type="stmt"/>
      <line num="50" count="12" type="stmt"/>
      <line num="51" count="20" type="cond" truecount="1" falsecount="0"/>
      <line num="52" count="5" type="stmt"/>
      <line num="53" count="5" type="stmt"/>
      <line num="54" count="5" type="stmt"/>
      <line num="55" count="20" type="stmt"/>
      <line num="56" count="20" type="stmt"/>
      <line num="57" count="20" type="cond" truecount="1" falsecount="0"/>
      <line num="58" count="13" type="stmt"/>
      <line num="59" count="13" type="stmt"/>
      <line num="60" count="13" type="stmt"/>
      <line num="61" count="13" type="stmt"/>
      <line num="62" count="13" type="stmt"/>
      <line num="63" count="13" type="cond" truecount="1" falsecount="0"/>
      <line num="64" count="9" type="stmt"/>
      <line num="65" count="9" type="stmt"/>
      <line num="66" count="9" type="stmt"/>
      <line num="67" count="9" type="stmt"/>
      <line num="68" count="9" type="stmt"/>
      <line num="69" count="9" type="stmt"/>
      <line num="70" count="13" type="stmt"/>
      <line num="71" count="13" type="stmt"/>
      <line num="72" count="13" type="cond" truecount="1" falsecount="0"/>
      <line num="73" count="13" type="cond" truecount="2" falsecount="0"/>
      <line num="74" count="3" type="stmt"/>
      <line num="75" count="3" type="stmt"/>
      <line num="76" count="3" type="cond" truecount="1" falsecount="0"/>
      <line num="77" count="10" type="stmt"/>
      <line num="78" count="10" type="stmt"/>
      <line num="79" count="10" type="stmt"/>
      <line num="80" count="13" type="cond" truecount="4" falsecount="0"/>
      <line num="81" count="3" type="stmt"/>
      <line num="82" count="13" type="cond" truecount="1" falsecount="1"/>
      <line num="83" count="0" type="stmt"/>
      <line num="84" count="0" type="cond" truecount="1" falsecount="0"/>
      <line num="85" count="10" type="stmt"/>
      <line num="86" count="10" type="stmt"/>
      <line num="87" count="10" type="stmt"/>
      <line num="88" count="10" type="stmt"/>
      <line num="89" count="10" type="stmt"/>
      <line num="90" count="10" type="stmt"/>
      <line num="91" count="10" type="stmt"/>
      <line num="92" count="13" type="cond" truecount="1" falsecount="0"/>
      <line num="93" count="7" type="stmt"/>
      <line num="94" count="7" type="stmt"/>
      <line num="95" count="7" type="stmt"/>
      <line num="96" count="13" type="stmt"/>
      <line num="97" count="4" type="stmt"/>
      <line num="98" count="4" type="stmt"/>
      <line num="99" count="4" type="stmt"/>
      <line num="100" count="6" type="cond" truecount="1" falsecount="0"/>
      <line num="101" count="1" type="stmt"/>
      <line num="102" count="1" type="cond" truecount="1" falsecount="0"/>
      <line num="103" count="3" type="stmt"/>
      <line num="104" count="3" type="stmt"/>
      <line num="105" count="3" type="stmt"/>
      <line num="106" count="3" type="stmt"/>
      <line num="107" count="1" type="stmt"/>
      <line num="108" count="1" type="stmt"/>
      <line num="109" count="1" type="stmt"/>
      <line num="110" count="1" type="stmt"/>
      <line num="111" count="1" type="stmt"/>
      <line num="112" count="1" type="stmt"/>
      <line num="113" count="1" type="stmt"/>
      <line num="114" count="1" type="stmt"/>
    </file>
  </project>
</coverage>
