{"C:\\Users\\leand\\Recinto ZOO STARTDB\\src\\recintos-zoo.js": {"path":"C:\\Users\\leand\\Recinto ZOO STARTDB\\src\\recintos-zoo.js","all":false,"statementMap":{"0":{"start":{"line":1,"column":0},"end":{"line":1,"column":0}},"1":{"start":{"line":2,"column":0},"end":{"line":2,"column":19}},"2":{"start":{"line":3,"column":0},"end":{"line":3,"column":19}},"3":{"start":{"line":4,"column":0},"end":{"line":4,"column":115}},"4":{"start":{"line":5,"column":0},"end":{"line":5,"column":25}},"5":{"start":{"line":6,"column":0},"end":{"line":6,"column":101}},"6":{"start":{"line":7,"column":0},"end":{"line":7,"column":93}},"7":{"start":{"line":8,"column":0},"end":{"line":8,"column":109}},"8":{"start":{"line":9,"column":0},"end":{"line":9,"column":88}},"9":{"start":{"line":10,"column":0},"end":{"line":10,"column":97}},"10":{"start":{"line":11,"column":0},"end":{"line":11,"column":10}},"11":{"start":{"line":12,"column":0},"end":{"line":12,"column":0}},"12":{"start":{"line":13,"column":0},"end":{"line":13,"column":90}},"13":{"start":{"line":14,"column":0},"end":{"line":14,"column":24}},"14":{"start":{"line":15,"column":0},"end":{"line":15,"column":50}},"15":{"start":{"line":16,"column":0},"end":{"line":16,"column":54}},"16":{"start":{"line":17,"column":0},"end":{"line":17,"column":52}},"17":{"start":{"line":18,"column":0},"end":{"line":18,"column":66}},"18":{"start":{"line":19,"column":0},"end":{"line":19,"column":52}},"19":{"start":{"line":20,"column":0},"end":{"line":20,"column":64}},"20":{"start":{"line":21,"column":0},"end":{"line":21,"column":10}},"21":{"start":{"line":22,"column":0},"end":{"line":22,"column":5}},"22":{"start":{"line":23,"column":0},"end":{"line":23,"column":0}},"23":{"start":{"line":24,"column":0},"end":{"line":24,"column":41}},"24":{"start":{"line":25,"column":0},"end":{"line":25,"column":82}},"25":{"start":{"line":26,"column":0},"end":{"line":26,"column":50}},"26":{"start":{"line":27,"column":0},"end":{"line":27,"column":79}},"27":{"start":{"line":28,"column":0},"end":{"line":28,"column":9}},"28":{"start":{"line":29,"column":0},"end":{"line":29,"column":0}},"29":{"start":{"line":30,"column":0},"end":{"line":30,"column":80}},"30":{"start":{"line":31,"column":0},"end":{"line":31,"column":51}},"31":{"start":{"line":32,"column":0},"end":{"line":32,"column":98}},"32":{"start":{"line":33,"column":0},"end":{"line":33,"column":9}},"33":{"start":{"line":34,"column":0},"end":{"line":34,"column":0}},"34":{"start":{"line":35,"column":0},"end":{"line":35,"column":62}},"35":{"start":{"line":36,"column":0},"end":{"line":36,"column":62}},"36":{"start":{"line":37,"column":0},"end":{"line":37,"column":71}},"37":{"start":{"line":38,"column":0},"end":{"line":38,"column":35}},"38":{"start":{"line":39,"column":0},"end":{"line":39,"column":0}},"39":{"start":{"line":40,"column":0},"end":{"line":40,"column":44}},"40":{"start":{"line":41,"column":0},"end":{"line":41,"column":42}},"41":{"start":{"line":42,"column":0},"end":{"line":42,"column":80}},"42":{"start":{"line":43,"column":0},"end":{"line":43,"column":30}},"43":{"start":{"line":44,"column":0},"end":{"line":44,"column":50}},"44":{"start":{"line":45,"column":0},"end":{"line":45,"column":123}},"45":{"start":{"line":46,"column":0},"end":{"line":46,"column":51}},"46":{"start":{"line":47,"column":0},"end":{"line":47,"column":90}},"47":{"start":{"line":48,"column":0},"end":{"line":48,"column":24}},"48":{"start":{"line":49,"column":0},"end":{"line":49,"column":77}},"49":{"start":{"line":50,"column":0},"end":{"line":50,"column":17}},"50":{"start":{"line":51,"column":0},"end":{"line":51,"column":20}},"51":{"start":{"line":52,"column":0},"end":{"line":52,"column":109}},"52":{"start":{"line":53,"column":0},"end":{"line":53,"column":67}},"53":{"start":{"line":54,"column":0},"end":{"line":54,"column":13}},"54":{"start":{"line":55,"column":0},"end":{"line":55,"column":0}},"55":{"start":{"line":56,"column":0},"end":{"line":56,"column":79}},"56":{"start":{"line":57,"column":0},"end":{"line":57,"column":32}},"57":{"start":{"line":58,"column":0},"end":{"line":58,"column":101}},"58":{"start":{"line":59,"column":0},"end":{"line":59,"column":113}},"59":{"start":{"line":60,"column":0},"end":{"line":60,"column":45}},"60":{"start":{"line":61,"column":0},"end":{"line":61,"column":0}},"61":{"start":{"line":62,"column":0},"end":{"line":62,"column":68}},"62":{"start":{"line":63,"column":0},"end":{"line":63,"column":68}},"63":{"start":{"line":64,"column":0},"end":{"line":64,"column":89}},"64":{"start":{"line":65,"column":0},"end":{"line":65,"column":67}},"65":{"start":{"line":66,"column":0},"end":{"line":66,"column":38}},"66":{"start":{"line":67,"column":0},"end":{"line":67,"column":86}},"67":{"start":{"line":68,"column":0},"end":{"line":68,"column":21}},"68":{"start":{"line":69,"column":0},"end":{"line":69,"column":17}},"69":{"start":{"line":70,"column":0},"end":{"line":70,"column":0}},"70":{"start":{"line":71,"column":0},"end":{"line":71,"column":55}},"71":{"start":{"line":72,"column":0},"end":{"line":72,"column":129}},"72":{"start":{"line":73,"column":0},"end":{"line":73,"column":94}},"73":{"start":{"line":74,"column":0},"end":{"line":74,"column":109}},"74":{"start":{"line":75,"column":0},"end":{"line":75,"column":27}},"75":{"start":{"line":76,"column":0},"end":{"line":76,"column":17}},"76":{"start":{"line":77,"column":0},"end":{"line":77,"column":0}},"77":{"start":{"line":78,"column":0},"end":{"line":78,"column":36}},"78":{"start":{"line":79,"column":0},"end":{"line":79,"column":107}},"79":{"start":{"line":80,"column":0},"end":{"line":80,"column":139}},"80":{"start":{"line":81,"column":0},"end":{"line":81,"column":96}},"81":{"start":{"line":82,"column":0},"end":{"line":82,"column":58}},"82":{"start":{"line":83,"column":0},"end":{"line":83,"column":109}},"83":{"start":{"line":84,"column":0},"end":{"line":84,"column":17}},"84":{"start":{"line":85,"column":0},"end":{"line":85,"column":0}},"85":{"start":{"line":86,"column":0},"end":{"line":86,"column":90}},"86":{"start":{"line":87,"column":0},"end":{"line":87,"column":89}},"87":{"start":{"line":88,"column":0},"end":{"line":88,"column":52}},"88":{"start":{"line":89,"column":0},"end":{"line":89,"column":96}},"89":{"start":{"line":90,"column":0},"end":{"line":90,"column":0}},"90":{"start":{"line":91,"column":0},"end":{"line":91,"column":66}},"91":{"start":{"line":92,"column":0},"end":{"line":92,"column":83}},"92":{"start":{"line":93,"column":0},"end":{"line":93,"column":98}},"93":{"start":{"line":94,"column":0},"end":{"line":94,"column":127}},"94":{"start":{"line":95,"column":0},"end":{"line":95,"column":17}},"95":{"start":{"line":96,"column":0},"end":{"line":96,"column":13}},"96":{"start":{"line":97,"column":0},"end":{"line":97,"column":11}},"97":{"start":{"line":98,"column":0},"end":{"line":98,"column":0}},"98":{"start":{"line":99,"column":0},"end":{"line":99,"column":56}},"99":{"start":{"line":100,"column":0},"end":{"line":100,"column":43}},"100":{"start":{"line":101,"column":0},"end":{"line":101,"column":53}},"101":{"start":{"line":102,"column":0},"end":{"line":102,"column":9}},"102":{"start":{"line":103,"column":0},"end":{"line":103,"column":0}},"103":{"start":{"line":104,"column":0},"end":{"line":104,"column":62}},"104":{"start":{"line":105,"column":0},"end":{"line":105,"column":35}},"105":{"start":{"line":106,"column":0},"end":{"line":106,"column":5}},"106":{"start":{"line":107,"column":0},"end":{"line":107,"column":1}},"107":{"start":{"line":108,"column":0},"end":{"line":108,"column":0}},"108":{"start":{"line":109,"column":0},"end":{"line":109,"column":32}},"109":{"start":{"line":110,"column":0},"end":{"line":110,"column":30}},"110":{"start":{"line":111,"column":0},"end":{"line":111,"column":51}},"111":{"start":{"line":112,"column":0},"end":{"line":112,"column":23}},"112":{"start":{"line":113,"column":0},"end":{"line":113,"column":0}},"113":{"start":{"line":114,"column":0},"end":{"line":114,"column":38}}},"s":{"0":1,"1":1,"2":1,"3":6,"4":6,"5":6,"6":6,"7":6,"8":6,"9":6,"10":6,"11":6,"12":6,"13":6,"14":6,"15":6,"16":6,"17":6,"18":6,"19":6,"20":6,"21":6,"22":1,"23":1,"24":6,"25":6,"26":1,"27":1,"28":5,"29":5,"30":6,"31":1,"32":1,"33":4,"34":4,"35":4,"36":4,"37":4,"38":4,"39":4,"40":4,"41":20,"42":20,"43":20,"44":15,"45":15,"46":3,"47":15,"48":12,"49":12,"50":20,"51":5,"52":5,"53":5,"54":20,"55":20,"56":20,"57":13,"58":13,"59":13,"60":13,"61":13,"62":13,"63":9,"64":9,"65":9,"66":9,"67":9,"68":9,"69":13,"70":13,"71":13,"72":13,"73":3,"74":3,"75":3,"76":10,"77":10,"78":10,"79":13,"80":3,"81":13,"82":0,"83":0,"84":10,"85":10,"86":10,"87":10,"88":10,"89":10,"90":10,"91":13,"92":7,"93":7,"94":7,"95":13,"96":4,"97":4,"98":4,"99":6,"100":1,"101":1,"102":3,"103":3,"104":3,"105":3,"106":1,"107":1,"108":1,"109":1,"110":1,"111":1,"112":1,"113":1},"branchMap":{"0":{"type":"branch","line":3,"loc":{"start":{"line":3,"column":4},"end":{"line":22,"column":5}},"locations":[{"start":{"line":3,"column":4},"end":{"line":22,"column":5}}]},"1":{"type":"branch","line":24,"loc":{"start":{"line":24,"column":4},"end":{"line":106,"column":5}},"locations":[{"start":{"line":24,"column":4},"end":{"line":106,"column":5}}]},"2":{"type":"branch","line":26,"loc":{"start":{"line":26,"column":49},"end":{"line":28,"column":9}},"locations":[{"start":{"line":26,"column":49},"end":{"line":28,"column":9}}]},"3":{"type":"branch","line":28,"loc":{"start":{"line":28,"column":8},"end":{"line":31,"column":31}},"locations":[{"start":{"line":28,"column":8},"end":{"line":31,"column":31}}]},"4":{"type":"branch","line":31,"loc":{"start":{"line":31,"column":27},"end":{"line":31,"column":48}},"locations":[{"start":{"line":31,"column":27},"end":{"line":31,"column":48}}]},"5":{"type":"branch","line":31,"loc":{"start":{"line":31,"column":50},"end":{"line":33,"column":9}},"locations":[{"start":{"line":31,"column":50},"end":{"line":33,"column":9}}]},"6":{"type":"branch","line":33,"loc":{"start":{"line":33,"column":8},"end":{"line":100,"column":42}},"locations":[{"start":{"line":33,"column":8},"end":{"line":100,"column":42}}]},"7":{"type":"branch","line":100,"loc":{"start":{"line":100,"column":42},"end":{"line":102,"column":9}},"locations":[{"start":{"line":100,"column":42},"end":{"line":102,"column":9}}]},"8":{"type":"branch","line":102,"loc":{"start":{"line":102,"column":8},"end":{"line":106,"column":5}},"locations":[{"start":{"line":102,"column":8},"end":{"line":106,"column":5}}]},"9":{"type":"branch","line":41,"loc":{"start":{"line":41,"column":30},"end":{"line":97,"column":9}},"locations":[{"start":{"line":41,"column":30},"end":{"line":97,"column":9}}]},"10":{"type":"branch","line":44,"loc":{"start":{"line":44,"column":49},"end":{"line":51,"column":13}},"locations":[{"start":{"line":44,"column":49},"end":{"line":51,"column":13}}]},"11":{"type":"branch","line":46,"loc":{"start":{"line":46,"column":50},"end":{"line":48,"column":17}},"locations":[{"start":{"line":46,"column":50},"end":{"line":48,"column":17}}]},"12":{"type":"branch","line":48,"loc":{"start":{"line":48,"column":17},"end":{"line":50,"column":17}},"locations":[{"start":{"line":48,"column":17},"end":{"line":50,"column":17}}]},"13":{"type":"branch","line":51,"loc":{"start":{"line":51,"column":13},"end":{"line":54,"column":13}},"locations":[{"start":{"line":51,"column":13},"end":{"line":54,"column":13}}]},"14":{"type":"branch","line":57,"loc":{"start":{"line":57,"column":31},"end":{"line":96,"column":13}},"locations":[{"start":{"line":57,"column":31},"end":{"line":96,"column":13}}]},"15":{"type":"branch","line":63,"loc":{"start":{"line":63,"column":67},"end":{"line":69,"column":17}},"locations":[{"start":{"line":63,"column":67},"end":{"line":69,"column":17}}]},"16":{"type":"branch","line":73,"loc":{"start":{"line":73,"column":35},"end":{"line":73,"column":91}},"locations":[{"start":{"line":73,"column":35},"end":{"line":73,"column":91}}]},"17":{"type":"branch","line":73,"loc":{"start":{"line":73,"column":93},"end":{"line":76,"column":17}},"locations":[{"start":{"line":73,"column":93},"end":{"line":76,"column":17}}]},"18":{"type":"branch","line":76,"loc":{"start":{"line":76,"column":16},"end":{"line":80,"column":44}},"locations":[{"start":{"line":76,"column":16},"end":{"line":80,"column":44}}]},"19":{"type":"branch","line":80,"loc":{"start":{"line":80,"column":40},"end":{"line":80,"column":80}},"locations":[{"start":{"line":80,"column":40},"end":{"line":80,"column":80}}]},"20":{"type":"branch","line":80,"loc":{"start":{"line":80,"column":80},"end":{"line":80,"column":117}},"locations":[{"start":{"line":80,"column":80},"end":{"line":80,"column":117}}]},"21":{"type":"branch","line":80,"loc":{"start":{"line":80,"column":117},"end":{"line":80,"column":136}},"locations":[{"start":{"line":80,"column":117},"end":{"line":80,"column":136}}]},"22":{"type":"branch","line":80,"loc":{"start":{"line":80,"column":138},"end":{"line":82,"column":17}},"locations":[{"start":{"line":80,"column":138},"end":{"line":82,"column":17}}]},"23":{"type":"branch","line":82,"loc":{"start":{"line":82,"column":17},"end":{"line":84,"column":17}},"locations":[{"start":{"line":82,"column":17},"end":{"line":84,"column":17}}]},"24":{"type":"branch","line":82,"loc":{"start":{"line":82,"column":57},"end":{"line":84,"column":17}},"locations":[{"start":{"line":82,"column":57},"end":{"line":84,"column":17}}]},"25":{"type":"branch","line":84,"loc":{"start":{"line":84,"column":16},"end":{"line":92,"column":82}},"locations":[{"start":{"line":84,"column":16},"end":{"line":92,"column":82}}]},"26":{"type":"branch","line":92,"loc":{"start":{"line":92,"column":82},"end":{"line":95,"column":17}},"locations":[{"start":{"line":92,"column":82},"end":{"line":95,"column":17}}]},"27":{"type":"branch","line":47,"loc":{"start":{"line":47,"column":58},"end":{"line":47,"column":88}},"locations":[{"start":{"line":47,"column":58},"end":{"line":47,"column":88}}]},"28":{"type":"branch","line":72,"loc":{"start":{"line":72,"column":63},"end":{"line":72,"column":127}},"locations":[{"start":{"line":72,"column":63},"end":{"line":72,"column":127}}]}},"b":{"0":[6],"1":[6],"2":[1],"3":[5],"4":[4],"5":[1],"6":[4],"7":[1],"8":[3],"9":[20],"10":[15],"11":[3],"12":[12],"13":[5],"14":[13],"15":[9],"16":[3],"17":[3],"18":[10],"19":[3],"20":[3],"21":[3],"22":[3],"23":[7],"24":[0],"25":[10],"26":[7],"27":[3],"28":[9]},"fnMap":{"0":{"name":"RecintosZoo","decl":{"start":{"line":3,"column":4},"end":{"line":22,"column":5}},"loc":{"start":{"line":3,"column":4},"end":{"line":22,"column":5}},"line":3},"1":{"name":"analisaRecintos","decl":{"start":{"line":24,"column":4},"end":{"line":106,"column":5}},"loc":{"start":{"line":24,"column":4},"end":{"line":106,"column":5}},"line":24}},"f":{"0":6,"1":6}}
}
