TN:
SF:src\recintos-zoo.js
FN:3,RecintosZoo
FN:24,analisaRecintos
FNF:2
FNH:2
FNDA:6,RecintosZoo
FNDA:6,analisaRecintos
DA:1,1
DA:2,1
DA:3,1
DA:4,6
DA:5,6
DA:6,6
DA:7,6
DA:8,6
DA:9,6
DA:10,6
DA:11,6
DA:12,6
DA:13,6
DA:14,6
DA:15,6
DA:16,6
DA:17,6
DA:18,6
DA:19,6
DA:20,6
DA:21,6
DA:22,6
DA:23,1
DA:24,1
DA:25,6
DA:26,6
DA:27,1
DA:28,1
DA:29,5
DA:30,5
DA:31,6
DA:32,1
DA:33,1
DA:34,4
DA:35,4
DA:36,4
DA:37,4
DA:38,4
DA:39,4
DA:40,4
DA:41,4
DA:42,20
DA:43,20
DA:44,20
DA:45,15
DA:46,15
DA:47,3
DA:48,15
DA:49,12
DA:50,12
DA:51,20
DA:52,5
DA:53,5
DA:54,5
DA:55,20
DA:56,20
DA:57,20
DA:58,13
DA:59,13
DA:60,13
DA:61,13
DA:62,13
DA:63,13
DA:64,9
DA:65,9
DA:66,9
DA:67,9
DA:68,9
DA:69,9
DA:70,13
DA:71,13
DA:72,13
DA:73,13
DA:74,3
DA:75,3
DA:76,3
DA:77,10
DA:78,10
DA:79,10
DA:80,13
DA:81,3
DA:82,13
DA:83,0
DA:84,0
DA:85,10
DA:86,10
DA:87,10
DA:88,10
DA:89,10
DA:90,10
DA:91,10
DA:92,13
DA:93,7
DA:94,7
DA:95,7
DA:96,13
DA:97,4
DA:98,4
DA:99,4
DA:100,6
DA:101,1
DA:102,1
DA:103,3
DA:104,3
DA:105,3
DA:106,3
DA:107,1
DA:108,1
DA:109,1
DA:110,1
DA:111,1
DA:112,1
DA:113,1
DA:114,1
LF:114
LH:112
BRDA:3,0,0,6
BRDA:24,1,0,6
BRDA:26,2,0,1
BRDA:28,3,0,5
BRDA:31,4,0,4
BRDA:31,5,0,1
BRDA:33,6,0,4
BRDA:100,7,0,1
BRDA:102,8,0,3
BRDA:41,9,0,20
BRDA:44,10,0,15
BRDA:46,11,0,3
BRDA:48,12,0,12
BRDA:51,13,0,5
BRDA:57,14,0,13
BRDA:63,15,0,9
BRDA:73,16,0,3
BRDA:73,17,0,3
BRDA:76,18,0,10
BRDA:80,19,0,3
BRDA:80,20,0,3
BRDA:80,21,0,3
BRDA:80,22,0,3
BRDA:82,23,0,7
BRDA:82,24,0,0
BRDA:84,25,0,10
BRDA:92,26,0,7
BRDA:47,27,0,3
BRDA:72,28,0,9
BRF:29
BRH:28
end_of_record
